#
# There is insufficient memory for the Java Runtime Environment to continue.
# Native memory allocation (malloc) failed to allocate 1294576 bytes for Chunk::new
# Possible reasons:
#   The system is out of physical RAM or swap space
#   The process is running with CompressedOops enabled, and the Java Heap may be blocking the growth of the native heap
# Possible solutions:
#   Reduce memory load on the system
#   Increase physical memory or swap space
#   Check if swap backing store is full
#   Decrease Java heap size (-Xmx/-Xms)
#   Decrease number of Java threads
#   Decrease Java thread stack sizes (-Xss)
#   Set larger code cache with -XX:ReservedCodeCacheSize=
#   JVM is running with Unscaled Compressed Oops mode in which the Java heap is
#     placed in the first 4GB address space. The Java Heap base address is the
#     maximum limit for the native heap growth. Please use -XX:HeapBaseMinAddress
#     to set the Java Heap base and to place the Java Heap above 4GB virtual address.
# This output file may be truncated or incomplete.
#
#  Out of Memory Error (./src/hotspot/share/memory/arena.cpp:197), pid=17356, tid=14468
#
# JRE version: OpenJDK Runtime Environment (11.0.10) (build 11.0.10+0-b96-7249189)
# Java VM: OpenJDK 64-Bit Server VM (11.0.10+0-b96-7249189, mixed mode, tiered, compressed oops, g1 gc, windows-amd64)
# No core dump will be written. Minidumps are not enabled by default on client versions of Windows
#

---------------  S U M M A R Y ------------

Command Line: --add-opens=java.base/java.util=ALL-UNNAMED --add-opens=java.base/java.lang=ALL-UNNAMED --add-opens=java.base/java.lang.invoke=ALL-UNNAMED --add-opens=java.base/java.util=ALL-UNNAMED --add-opens=java.prefs/java.util.prefs=ALL-UNNAMED --add-opens=java.prefs/java.util.prefs=ALL-UNNAMED --add-opens=java.base/java.nio.charset=ALL-UNNAMED --add-opens=java.base/java.net=ALL-UNNAMED --add-opens=java.base/java.util.concurrent.atomic=ALL-UNNAMED -Xmx2048m -Dfile.encoding=UTF-8 -Duser.country=IN -Duser.language=en -Duser.variant org.gradle.launcher.daemon.bootstrap.GradleDaemon 7.0.2

Host: Intel(R) Core(TM) i5-9300H CPU @ 2.40GHz, 8 cores, 7G,  Windows 10 , 64 bit Build 22621 (10.0.22621.1778)
Time: Tue Jun 20 15:53:03 2023 India Standard Time elapsed time: 1356.401544 seconds (0d 0h 22m 36s)

---------------  T H R E A D  ---------------

Current thread (0x000002204d504000):  JavaThread "C2 CompilerThread0" daemon [_thread_in_native, id=14468, stack(0x0000007b8dc00000,0x0000007b8dd00000)]


Current CompileTask:
C2:1356401 12771       4       java.net.URLClassLoader$1::run (5 bytes)

Stack: [0x0000007b8dc00000,0x0000007b8dd00000]
Native frames: (J=compiled Java code, j=interpreted, Vv=VM code, C=native code)
V  [jvm.dll+0x5ecfaa]
V  [jvm.dll+0x722bd5]
V  [jvm.dll+0x72412d]
V  [jvm.dll+0x7247e3]
V  [jvm.dll+0x242928]
V  [jvm.dll+0xbc4fc]
V  [jvm.dll+0xbca0c]
V  [jvm.dll+0x352d3b]
V  [jvm.dll+0x320ad3]
V  [jvm.dll+0x31ffca]
V  [jvm.dll+0x1fb602]
V  [jvm.dll+0x1fa7f4]
V  [jvm.dll+0x18354c]
V  [jvm.dll+0x208ee7]
V  [jvm.dll+0x207731]
V  [jvm.dll+0x6eb1cf]
V  [jvm.dll+0x6e3d45]
V  [jvm.dll+0x5ebe96]
C  [ucrtbase.dll+0x29363]
C  [KERNEL32.DLL+0x126ad]
C  [ntdll.dll+0x5a9f8]


---------------  P R O C E S S  ---------------

Threads class SMR info:
_java_thread_list=0x00000220564bcbb0, length=50, elements={
0x000002203307b000, 0x000002204d4e4000, 0x000002204d4e7000, 0x000002204d4fe800,
0x000002204d500000, 0x000002204d503000, 0x000002204d504000, 0x000002204d507000,
0x000002204d50a800, 0x000002204dfc7800, 0x000002205039c000, 0x000002204e228800,
0x000002204e453800, 0x000002204f1e3800, 0x000002204f1e0800, 0x000002204f1de800,
0x000002204f1e3000, 0x00000220500bf800, 0x00000220500bf000, 0x00000220500c5800,
0x00000220500c1000, 0x00000220500c8800, 0x00000220500c9800, 0x0000022051adb800,
0x0000022051ae4800, 0x0000022051ae3800, 0x0000022051ae5000, 0x0000022051adf800,
0x0000022051ae7000, 0x0000022051ae0800, 0x0000022051adc000, 0x0000022051ade000,
0x0000022051ae1000, 0x0000022051ade800, 0x0000022051ae2000, 0x0000022051add000,
0x0000022051ae7800, 0x0000022051aea000, 0x0000022051ae8800, 0x0000022051ae9800,
0x00000220500c3000, 0x00000220500bd000, 0x00000220500c3800, 0x00000220500c7000,
0x00000220500cb000, 0x00000220500c8000, 0x00000220500ca000, 0x00000220500cc000,
0x000002204f1e1000, 0x000002204f1e2000
}

Java Threads: ( => current thread )
  0x000002203307b000 JavaThread "main" [_thread_blocked, id=12356, stack(0x0000007b8d000000,0x0000007b8d100000)]
  0x000002204d4e4000 JavaThread "Reference Handler" daemon [_thread_blocked, id=15664, stack(0x0000007b8d700000,0x0000007b8d800000)]
  0x000002204d4e7000 JavaThread "Finalizer" daemon [_thread_blocked, id=11160, stack(0x0000007b8d800000,0x0000007b8d900000)]
  0x000002204d4fe800 JavaThread "Signal Dispatcher" daemon [_thread_blocked, id=6440, stack(0x0000007b8d900000,0x0000007b8da00000)]
  0x000002204d500000 JavaThread "Attach Listener" daemon [_thread_blocked, id=15584, stack(0x0000007b8da00000,0x0000007b8db00000)]
  0x000002204d503000 JavaThread "Service Thread" daemon [_thread_blocked, id=9416, stack(0x0000007b8db00000,0x0000007b8dc00000)]
=>0x000002204d504000 JavaThread "C2 CompilerThread0" daemon [_thread_in_native, id=14468, stack(0x0000007b8dc00000,0x0000007b8dd00000)]
  0x000002204d507000 JavaThread "C1 CompilerThread0" daemon [_thread_blocked, id=16860, stack(0x0000007b8dd00000,0x0000007b8de00000)]
  0x000002204d50a800 JavaThread "Sweeper thread" daemon [_thread_blocked, id=10880, stack(0x0000007b8de00000,0x0000007b8df00000)]
  0x000002204dfc7800 JavaThread "Common-Cleaner" daemon [_thread_blocked, id=7952, stack(0x0000007b8df00000,0x0000007b8e000000)]
  0x000002205039c000 JavaThread "Daemon health stats" [_thread_blocked, id=17368, stack(0x0000007b8e500000,0x0000007b8e600000)]
  0x000002204e228800 JavaThread "Incoming local TCP Connector on port 56522" [_thread_in_native, id=13756, stack(0x0000007b8e100000,0x0000007b8e200000)]
  0x000002204e453800 JavaThread "Daemon periodic checks" [_thread_blocked, id=17144, stack(0x0000007b8e200000,0x0000007b8e300000)]
  0x000002204f1e3800 JavaThread "Cache worker for file hash cache (C:\Users\nikhi\.gradle\caches\7.0.2\fileHashes)" [_thread_blocked, id=5324, stack(0x0000007b8e800000,0x0000007b8e900000)]
  0x000002204f1e0800 JavaThread "File lock request listener" [_thread_in_native, id=5592, stack(0x0000007b8f300000,0x0000007b8f400000)]
  0x000002204f1de800 JavaThread "Cache worker for journal cache (C:\Users\nikhi\.gradle\caches\journal-1)" [_thread_blocked, id=6220, stack(0x0000007b8f500000,0x0000007b8f600000)]
  0x000002204f1e3000 JavaThread "File watcher server" daemon [_thread_in_native, id=15396, stack(0x0000007b8f900000,0x0000007b8fa00000)]
  0x00000220500bf800 JavaThread "File watcher consumer" daemon [_thread_blocked, id=12436, stack(0x0000007b8fa00000,0x0000007b8fb00000)]
  0x00000220500bf000 JavaThread "Cache worker for execution history cache (C:\Users\nikhi\.gradle\caches\7.0.2\executionHistory)" [_thread_blocked, id=2948, stack(0x0000007b8fe00000,0x0000007b8ff00000)]
  0x00000220500c5800 JavaThread "jar transforms" [_thread_blocked, id=15304, stack(0x0000007b8ff00000,0x0000007b90000000)]
  0x00000220500c1000 JavaThread "jar transforms Thread 2" [_thread_blocked, id=8440, stack(0x0000007b90000000,0x0000007b90100000)]
  0x00000220500c8800 JavaThread "Cache worker for file content cache (C:\Users\nikhi\.gradle\caches\7.0.2\fileContent)" [_thread_blocked, id=16344, stack(0x0000007b90100000,0x0000007b90200000)]
  0x00000220500c9800 JavaThread "jar transforms Thread 3" [_thread_blocked, id=8432, stack(0x0000007b90300000,0x0000007b90400000)]
  0x0000022051adb800 JavaThread "jar transforms Thread 4" [_thread_blocked, id=14600, stack(0x0000007b90d00000,0x0000007b90e00000)]
  0x0000022051ae4800 JavaThread "jar transforms Thread 5" [_thread_blocked, id=13572, stack(0x0000007b90e00000,0x0000007b90f00000)]
  0x0000022051ae3800 JavaThread "jar transforms Thread 6" [_thread_blocked, id=7088, stack(0x0000007b90f00000,0x0000007b91000000)]
  0x0000022051ae5000 JavaThread "jar transforms Thread 7" [_thread_blocked, id=4208, stack(0x0000007b91000000,0x0000007b91100000)]
  0x0000022051adf800 JavaThread "jar transforms Thread 8" [_thread_blocked, id=17020, stack(0x0000007b91100000,0x0000007b91200000)]
  0x0000022051ae7000 JavaThread "Memory manager" [_thread_blocked, id=6544, stack(0x0000007b91200000,0x0000007b91300000)]
  0x0000022051ae0800 JavaThread "Daemon Thread 2" [_thread_blocked, id=8420, stack(0x0000007b8cd00000,0x0000007b8ce00000)]
  0x0000022051adc000 JavaThread "Handler for socket connection from /127.0.0.1:56522 to /127.0.0.1:57324" [_thread_in_native, id=8288, stack(0x0000007b8ce00000,0x0000007b8cf00000)]
  0x0000022051ade000 JavaThread "Cancel handler" [_thread_blocked, id=14924, stack(0x0000007b8cf00000,0x0000007b8d000000)]
  0x0000022051ae1000 JavaThread "Daemon worker Thread 2" [_thread_in_vm, id=17032, stack(0x0000007b8e600000,0x0000007b8e700000)]
  0x0000022051ade800 JavaThread "Asynchronous log dispatcher for DefaultDaemonConnection: socket connection from /127.0.0.1:56522 to /127.0.0.1:57324" [_thread_blocked, id=19080, stack(0x0000007b8e700000,0x0000007b8e800000)]
  0x0000022051ae2000 JavaThread "Stdin handler" [_thread_blocked, id=19372, stack(0x0000007b8e900000,0x0000007b8ea00000)]
  0x0000022051add000 JavaThread "Daemon client event forwarder" [_thread_blocked, id=14656, stack(0x0000007b8ea00000,0x0000007b8eb00000)]
  0x0000022051ae7800 JavaThread "Cache worker for file hash cache (E:\Projects\Android Projects\MeetingApplication\.gradle\7.0.2\fileHashes)" [_thread_blocked, id=15960, stack(0x0000007b8eb00000,0x0000007b8ec00000)]
  0x0000022051aea000 JavaThread "Cache worker for checksums cache (E:\Projects\Android Projects\MeetingApplication\.gradle\checksums)" [_thread_blocked, id=19544, stack(0x0000007b8ec00000,0x0000007b8ed00000)]
  0x0000022051ae8800 JavaThread "Cache worker for cache directory md-supplier (C:\Users\nikhi\.gradle\caches\7.0.2\md-supplier)" [_thread_blocked, id=19800, stack(0x0000007b8ed00000,0x0000007b8ee00000)]
  0x0000022051ae9800 JavaThread "Cache worker for cache directory md-rule (C:\Users\nikhi\.gradle\caches\7.0.2\md-rule)" [_thread_blocked, id=17220, stack(0x0000007b8f600000,0x0000007b8f700000)]
  0x00000220500c3000 JavaThread "Cache worker for dependencies-accessors (E:\Projects\Android Projects\MeetingApplication\.gradle\7.0.2\dependencies-accessors)" [_thread_blocked, id=19348, stack(0x0000007b8f800000,0x0000007b8f900000)]
  0x00000220500bd000 JavaThread "Cache worker for Build Output Cleanup Cache (E:\Projects\Android Projects\MeetingApplication\.gradle\buildOutputCleanup)" [_thread_blocked, id=21432, stack(0x0000007b8fb00000,0x0000007b8fc00000)]
  0x00000220500c3800 JavaThread "Build operations" [_thread_blocked, id=13080, stack(0x0000007b8fc00000,0x0000007b8fd00000)]
  0x00000220500c7000 JavaThread "Build operations Thread 2" [_thread_blocked, id=6320, stack(0x0000007b8fd00000,0x0000007b8fe00000)]
  0x00000220500cb000 JavaThread "Build operations Thread 3" [_thread_blocked, id=18980, stack(0x0000007b90200000,0x0000007b90300000)]
  0x00000220500c8000 JavaThread "Build operations Thread 4" [_thread_blocked, id=20968, stack(0x0000007b90400000,0x0000007b90500000)]
  0x00000220500ca000 JavaThread "Build operations Thread 5" [_thread_blocked, id=5376, stack(0x0000007b90500000,0x0000007b90600000)]
  0x00000220500cc000 JavaThread "Build operations Thread 6" [_thread_blocked, id=20904, stack(0x0000007b90600000,0x0000007b90700000)]
  0x000002204f1e1000 JavaThread "Build operations Thread 7" [_thread_blocked, id=19616, stack(0x0000007b90700000,0x0000007b90800000)]
  0x000002204f1e2000 JavaThread "Build operations Thread 8" [_thread_blocked, id=20004, stack(0x0000007b90800000,0x0000007b90900000)]

Other Threads:
  0x000002204d4e2000 VMThread "VM Thread" [stack: 0x0000007b8d600000,0x0000007b8d700000] [id=16772]
  0x000002204dff3000 WatcherThread [stack: 0x0000007b8e000000,0x0000007b8e100000] [id=14196]
  0x0000022033094000 GCTaskThread "GC Thread#0" [stack: 0x0000007b8d100000,0x0000007b8d200000] [id=10848]
  0x000002204ec72000 GCTaskThread "GC Thread#1" [stack: 0x0000007b8e300000,0x0000007b8e400000] [id=8748]
  0x000002204ea0e800 GCTaskThread "GC Thread#2" [stack: 0x0000007b8e400000,0x0000007b8e500000] [id=16572]
  0x00000220511f5800 GCTaskThread "GC Thread#3" [stack: 0x0000007b8ee00000,0x0000007b8ef00000] [id=13888]
  0x000002204f408000 GCTaskThread "GC Thread#4" [stack: 0x0000007b8ef00000,0x0000007b8f000000] [id=4900]
  0x000002204f408800 GCTaskThread "GC Thread#5" [stack: 0x0000007b8f000000,0x0000007b8f100000] [id=9772]
  0x000002204ff7d800 GCTaskThread "GC Thread#6" [stack: 0x0000007b8f100000,0x0000007b8f200000] [id=1672]
  0x000002204ff7e800 GCTaskThread "GC Thread#7" [stack: 0x0000007b8f200000,0x0000007b8f300000] [id=15404]
  0x00000220330c7800 ConcurrentGCThread "G1 Main Marker" [stack: 0x0000007b8d200000,0x0000007b8d300000] [id=12560]
  0x00000220330ca800 ConcurrentGCThread "G1 Conc#0" [stack: 0x0000007b8d300000,0x0000007b8d400000] [id=3896]
  0x000002204fd33800 ConcurrentGCThread "G1 Conc#1" [stack: 0x0000007b8f400000,0x0000007b8f500000] [id=6872]
  0x000002204d330800 ConcurrentGCThread "G1 Refine#0" [stack: 0x0000007b8d400000,0x0000007b8d500000] [id=12844]
  0x000002204d331800 ConcurrentGCThread "G1 Young RemSet Sampling" [stack: 0x0000007b8d500000,0x0000007b8d600000] [id=14104]

Threads with active compile tasks:
C2 CompilerThread01356443 12771       4       java.net.URLClassLoader$1::run (5 bytes)

VM state:not at safepoint (normal execution)

VM Mutex/Monitor currently owned by a thread:  ([mutex/lock_event])
[0x0000022030f6b540] SymbolTable_lock - owner thread: 0x0000000000000000

Heap address: 0x0000000080000000, size: 2048 MB, Compressed Oops mode: 32-bit
Narrow klass base: 0x0000000000000000, Narrow klass shift: 3
Compressed class space size: 1073741824 Address: 0x0000000100000000

Heap:
 garbage-first heap   total 187392K, used 116275K [0x0000000080000000, 0x0000000100000000)
  region size 1024K, 15 young (15360K), 7 survivors (7168K)
 Metaspace       used 96645K, capacity 99646K, committed 99788K, reserved 1136640K
  class space    used 12435K, capacity 13460K, committed 13516K, reserved 1048576K
Heap Regions: E=young(eden), S=young(survivor), O=old, HS=humongous(starts), HC=humongous(continues), CS=collection set, F=free, A=archive, TAMS=top-at-mark-start (previous, next)
|   0|0x0000000080000000, 0x0000000080100000, 0x0000000080100000|100%| O|  |TAMS 0x0000000080100000, 0x0000000080000000| Untracked 
|   1|0x0000000080100000, 0x0000000080200000, 0x0000000080200000|100%| O|  |TAMS 0x0000000080200000, 0x0000000080100000| Untracked 
|   2|0x0000000080200000, 0x0000000080300000, 0x0000000080300000|100%| O|  |TAMS 0x0000000080300000, 0x0000000080200000| Untracked 
|   3|0x0000000080300000, 0x0000000080400000, 0x0000000080400000|100%|HS|  |TAMS 0x0000000080400000, 0x0000000080300000| Complete 
|   4|0x0000000080400000, 0x0000000080500000, 0x0000000080500000|100%|HC|  |TAMS 0x0000000080500000, 0x0000000080400000| Complete 
|   5|0x0000000080500000, 0x0000000080600000, 0x0000000080600000|100%|HC|  |TAMS 0x0000000080600000, 0x0000000080500000| Complete 
|   6|0x0000000080600000, 0x0000000080700000, 0x0000000080700000|100%| O|  |TAMS 0x0000000080700000, 0x0000000080600000| Untracked 
|   7|0x0000000080700000, 0x0000000080800000, 0x0000000080800000|100%| O|  |TAMS 0x0000000080800000, 0x0000000080700000| Untracked 
|   8|0x0000000080800000, 0x0000000080900000, 0x0000000080900000|100%| O|  |TAMS 0x0000000080900000, 0x0000000080800000| Untracked 
|   9|0x0000000080900000, 0x0000000080a00000, 0x0000000080a00000|100%| O|  |TAMS 0x0000000080a00000, 0x0000000080900000| Untracked 
|  10|0x0000000080a00000, 0x0000000080b00000, 0x0000000080b00000|100%| O|  |TAMS 0x0000000080b00000, 0x0000000080a00000| Untracked 
|  11|0x0000000080b00000, 0x0000000080c00000, 0x0000000080c00000|100%| O|  |TAMS 0x0000000080c00000, 0x0000000080b00000| Untracked 
|  12|0x0000000080c00000, 0x0000000080d00000, 0x0000000080d00000|100%| O|  |TAMS 0x0000000080d00000, 0x0000000080c00000| Untracked 
|  13|0x0000000080d00000, 0x0000000080e00000, 0x0000000080e00000|100%| O|  |TAMS 0x0000000080e00000, 0x0000000080d00000| Untracked 
|  14|0x0000000080e00000, 0x0000000080f00000, 0x0000000080f00000|100%| O|  |TAMS 0x0000000080f00000, 0x0000000080e00000| Untracked 
|  15|0x0000000080f00000, 0x0000000081000000, 0x0000000081000000|100%| O|  |TAMS 0x0000000081000000, 0x0000000080f00000| Untracked 
|  16|0x0000000081000000, 0x0000000081100000, 0x0000000081100000|100%| O|  |TAMS 0x0000000081100000, 0x0000000081000000| Untracked 
|  17|0x0000000081100000, 0x0000000081200000, 0x0000000081200000|100%|HS|  |TAMS 0x0000000081200000, 0x0000000081100000| Complete 
|  18|0x0000000081200000, 0x0000000081300000, 0x0000000081300000|100%| O|  |TAMS 0x0000000081300000, 0x0000000081200000| Untracked 
|  19|0x0000000081300000, 0x0000000081400000, 0x0000000081400000|100%| O|  |TAMS 0x0000000081400000, 0x0000000081300000| Untracked 
|  20|0x0000000081400000, 0x0000000081500000, 0x0000000081500000|100%| O|  |TAMS 0x0000000081500000, 0x0000000081400000| Untracked 
|  21|0x0000000081500000, 0x0000000081600000, 0x0000000081600000|100%| O|  |TAMS 0x0000000081600000, 0x0000000081500000| Untracked 
|  22|0x0000000081600000, 0x0000000081700000, 0x0000000081700000|100%| O|  |TAMS 0x0000000081700000, 0x0000000081600000| Untracked 
|  23|0x0000000081700000, 0x0000000081800000, 0x0000000081800000|100%| O|  |TAMS 0x0000000081800000, 0x0000000081700000| Untracked 
|  24|0x0000000081800000, 0x0000000081900000, 0x0000000081900000|100%|HS|  |TAMS 0x0000000081900000, 0x0000000081800000| Complete 
|  25|0x0000000081900000, 0x0000000081a00000, 0x0000000081a00000|100%|HS|  |TAMS 0x0000000081a00000, 0x0000000081900000| Complete 
|  26|0x0000000081a00000, 0x0000000081b00000, 0x0000000081b00000|100%|HC|  |TAMS 0x0000000081b00000, 0x0000000081a00000| Complete 
|  27|0x0000000081b00000, 0x0000000081c00000, 0x0000000081c00000|100%| O|  |TAMS 0x0000000081c00000, 0x0000000081b00000| Untracked 
|  28|0x0000000081c00000, 0x0000000081d00000, 0x0000000081d00000|100%| O|  |TAMS 0x0000000081d00000, 0x0000000081c00000| Untracked 
|  29|0x0000000081d00000, 0x0000000081e00000, 0x0000000081e00000|100%| O|  |TAMS 0x0000000081e00000, 0x0000000081d00000| Untracked 
|  30|0x0000000081e00000, 0x0000000081f00000, 0x0000000081f00000|100%| O|  |TAMS 0x0000000081f00000, 0x0000000081e00000| Untracked 
|  31|0x0000000081f00000, 0x0000000082000000, 0x0000000082000000|100%| O|  |TAMS 0x0000000082000000, 0x0000000081f00000| Untracked 
|  32|0x0000000082000000, 0x0000000082100000, 0x0000000082100000|100%| O|  |TAMS 0x0000000082100000, 0x0000000082000000| Untracked 
|  33|0x0000000082100000, 0x0000000082200000, 0x0000000082200000|100%| O|  |TAMS 0x0000000082200000, 0x0000000082100000| Untracked 
|  34|0x0000000082200000, 0x0000000082300000, 0x0000000082300000|100%| O|  |TAMS 0x0000000082300000, 0x0000000082200000| Untracked 
|  35|0x0000000082300000, 0x0000000082400000, 0x0000000082400000|100%| O|  |TAMS 0x0000000082400000, 0x0000000082300000| Untracked 
|  36|0x0000000082400000, 0x0000000082500000, 0x0000000082500000|100%| O|  |TAMS 0x0000000082500000, 0x0000000082400000| Untracked 
|  37|0x0000000082500000, 0x0000000082600000, 0x0000000082600000|100%| O|  |TAMS 0x0000000082600000, 0x0000000082500000| Untracked 
|  38|0x0000000082600000, 0x0000000082700000, 0x0000000082700000|100%| O|  |TAMS 0x0000000082700000, 0x0000000082600000| Untracked 
|  39|0x0000000082700000, 0x0000000082800000, 0x0000000082800000|100%| O|  |TAMS 0x0000000082800000, 0x0000000082700000| Untracked 
|  40|0x0000000082800000, 0x0000000082900000, 0x0000000082900000|100%| O|  |TAMS 0x0000000082900000, 0x0000000082800000| Untracked 
|  41|0x0000000082900000, 0x0000000082a00000, 0x0000000082a00000|100%| O|  |TAMS 0x0000000082a00000, 0x0000000082900000| Untracked 
|  42|0x0000000082a00000, 0x0000000082b00000, 0x0000000082b00000|100%| O|  |TAMS 0x0000000082b00000, 0x0000000082a00000| Untracked 
|  43|0x0000000082b00000, 0x0000000082c00000, 0x0000000082c00000|100%| O|  |TAMS 0x0000000082c00000, 0x0000000082b00000| Untracked 
|  44|0x0000000082c00000, 0x0000000082d00000, 0x0000000082d00000|100%| O|  |TAMS 0x0000000082d00000, 0x0000000082c00000| Untracked 
|  45|0x0000000082d00000, 0x0000000082e00000, 0x0000000082e00000|100%| O|  |TAMS 0x0000000082e00000, 0x0000000082d00000| Untracked 
|  46|0x0000000082e00000, 0x0000000082f00000, 0x0000000082f00000|100%| O|  |TAMS 0x0000000082f00000, 0x0000000082e00000| Untracked 
|  47|0x0000000082f00000, 0x0000000083000000, 0x0000000083000000|100%| O|  |TAMS 0x0000000083000000, 0x0000000082f00000| Untracked 
|  48|0x0000000083000000, 0x0000000083100000, 0x0000000083100000|100%| O|  |TAMS 0x0000000083100000, 0x0000000083000000| Untracked 
|  49|0x0000000083100000, 0x0000000083200000, 0x0000000083200000|100%| O|  |TAMS 0x0000000083200000, 0x0000000083100000| Untracked 
|  50|0x0000000083200000, 0x0000000083300000, 0x0000000083300000|100%| O|  |TAMS 0x0000000083300000, 0x0000000083200000| Untracked 
|  51|0x0000000083300000, 0x0000000083400000, 0x0000000083400000|100%| O|  |TAMS 0x0000000083400000, 0x0000000083300000| Untracked 
|  52|0x0000000083400000, 0x0000000083500000, 0x0000000083500000|100%| O|  |TAMS 0x0000000083500000, 0x0000000083400000| Untracked 
|  53|0x0000000083500000, 0x0000000083600000, 0x0000000083600000|100%| O|  |TAMS 0x0000000083600000, 0x0000000083500000| Untracked 
|  54|0x0000000083600000, 0x0000000083700000, 0x0000000083700000|100%| O|  |TAMS 0x0000000083700000, 0x0000000083600000| Untracked 
|  55|0x0000000083700000, 0x0000000083800000, 0x0000000083800000|100%| O|  |TAMS 0x0000000083800000, 0x0000000083700000| Untracked 
|  56|0x0000000083800000, 0x0000000083900000, 0x0000000083900000|100%| O|  |TAMS 0x0000000083900000, 0x0000000083800000| Untracked 
|  57|0x0000000083900000, 0x0000000083a00000, 0x0000000083a00000|100%| O|  |TAMS 0x0000000083a00000, 0x0000000083900000| Untracked 
|  58|0x0000000083a00000, 0x0000000083b00000, 0x0000000083b00000|100%| O|  |TAMS 0x0000000083b00000, 0x0000000083a00000| Untracked 
|  59|0x0000000083b00000, 0x0000000083c00000, 0x0000000083c00000|100%| O|  |TAMS 0x0000000083c00000, 0x0000000083b00000| Untracked 
|  60|0x0000000083c00000, 0x0000000083d00000, 0x0000000083d00000|100%| O|  |TAMS 0x0000000083d00000, 0x0000000083c00000| Untracked 
|  61|0x0000000083d00000, 0x0000000083e00000, 0x0000000083e00000|100%| O|  |TAMS 0x0000000083e00000, 0x0000000083d00000| Untracked 
|  62|0x0000000083e00000, 0x0000000083f00000, 0x0000000083f00000|100%| O|  |TAMS 0x0000000083f00000, 0x0000000083e00000| Untracked 
|  63|0x0000000083f00000, 0x0000000084000000, 0x0000000084000000|100%|HS|  |TAMS 0x0000000084000000, 0x0000000083f00000| Complete 
|  64|0x0000000084000000, 0x0000000084100000, 0x0000000084100000|100%|HC|  |TAMS 0x0000000084100000, 0x0000000084000000| Complete 
|  65|0x0000000084100000, 0x0000000084200000, 0x0000000084200000|100%|HS|  |TAMS 0x0000000084200000, 0x0000000084100000| Complete 
|  66|0x0000000084200000, 0x0000000084300000, 0x0000000084300000|100%|HC|  |TAMS 0x0000000084300000, 0x0000000084200000| Complete 
|  67|0x0000000084300000, 0x0000000084400000, 0x0000000084400000|100%|HC|  |TAMS 0x0000000084400000, 0x0000000084300000| Complete 
|  68|0x0000000084400000, 0x0000000084500000, 0x0000000084500000|100%|HS|  |TAMS 0x0000000084500000, 0x0000000084400000| Complete 
|  69|0x0000000084500000, 0x0000000084600000, 0x0000000084600000|100%|HC|  |TAMS 0x0000000084600000, 0x0000000084500000| Complete 
|  70|0x0000000084600000, 0x0000000084700000, 0x0000000084700000|100%|HC|  |TAMS 0x0000000084700000, 0x0000000084600000| Complete 
|  71|0x0000000084700000, 0x0000000084800000, 0x0000000084800000|100%|HC|  |TAMS 0x0000000084800000, 0x0000000084700000| Complete 
|  72|0x0000000084800000, 0x0000000084900000, 0x0000000084900000|100%|HC|  |TAMS 0x0000000084900000, 0x0000000084800000| Complete 
|  73|0x0000000084900000, 0x0000000084a00000, 0x0000000084a00000|100%|HS|  |TAMS 0x0000000084a00000, 0x0000000084900000| Complete 
|  74|0x0000000084a00000, 0x0000000084b00000, 0x0000000084b00000|100%|HC|  |TAMS 0x0000000084b00000, 0x0000000084a00000| Complete 
|  75|0x0000000084b00000, 0x0000000084c00000, 0x0000000084c00000|100%|HC|  |TAMS 0x0000000084c00000, 0x0000000084b00000| Complete 
|  76|0x0000000084c00000, 0x0000000084d00000, 0x0000000084d00000|100%|HC|  |TAMS 0x0000000084d00000, 0x0000000084c00000| Complete 
|  77|0x0000000084d00000, 0x0000000084e00000, 0x0000000084e00000|100%|HC|  |TAMS 0x0000000084e00000, 0x0000000084d00000| Complete 
|  78|0x0000000084e00000, 0x0000000084f00000, 0x0000000084f00000|100%|HS|  |TAMS 0x0000000084f00000, 0x0000000084e00000| Complete 
|  79|0x0000000084f00000, 0x0000000085000000, 0x0000000085000000|100%|HC|  |TAMS 0x0000000085000000, 0x0000000084f00000| Complete 
|  80|0x0000000085000000, 0x0000000085100000, 0x0000000085100000|100%|HC|  |TAMS 0x0000000085100000, 0x0000000085000000| Complete 
|  81|0x0000000085100000, 0x0000000085200000, 0x0000000085200000|100%| O|  |TAMS 0x0000000085200000, 0x0000000085100000| Untracked 
|  82|0x0000000085200000, 0x0000000085300000, 0x0000000085300000|100%| O|  |TAMS 0x0000000085300000, 0x0000000085200000| Untracked 
|  83|0x0000000085300000, 0x0000000085400000, 0x0000000085400000|100%| O|  |TAMS 0x0000000085400000, 0x0000000085300000| Untracked 
|  84|0x0000000085400000, 0x0000000085500000, 0x0000000085500000|100%| O|  |TAMS 0x0000000085500000, 0x0000000085400000| Untracked 
|  85|0x0000000085500000, 0x0000000085600000, 0x0000000085600000|100%| O|  |TAMS 0x0000000085600000, 0x0000000085500000| Untracked 
|  86|0x0000000085600000, 0x0000000085600000, 0x0000000085700000|  0%| F|  |TAMS 0x0000000085600000, 0x0000000085600000| Untracked 
|  87|0x0000000085700000, 0x0000000085800000, 0x0000000085800000|100%| O|  |TAMS 0x0000000085700000, 0x0000000085700000| Untracked 
|  88|0x0000000085800000, 0x0000000085900000, 0x0000000085900000|100%| O|  |TAMS 0x0000000085800000, 0x0000000085800000| Untracked 
|  89|0x0000000085900000, 0x00000000859f0600, 0x0000000085a00000| 93%| O|  |TAMS 0x0000000085900000, 0x0000000085900000| Untracked 
|  90|0x0000000085a00000, 0x0000000085a00000, 0x0000000085b00000|  0%| F|  |TAMS 0x0000000085a00000, 0x0000000085a00000| Untracked 
|  91|0x0000000085b00000, 0x0000000085b00000, 0x0000000085c00000|  0%| F|  |TAMS 0x0000000085b00000, 0x0000000085b00000| Untracked 
|  92|0x0000000085c00000, 0x0000000085c00000, 0x0000000085d00000|  0%| F|  |TAMS 0x0000000085c00000, 0x0000000085c00000| Untracked 
|  93|0x0000000085d00000, 0x0000000085d00000, 0x0000000085e00000|  0%| F|  |TAMS 0x0000000085d00000, 0x0000000085d00000| Untracked 
|  94|0x0000000085e00000, 0x0000000085e00000, 0x0000000085f00000|  0%| F|  |TAMS 0x0000000085e00000, 0x0000000085e00000| Untracked 
|  95|0x0000000085f00000, 0x0000000085f00000, 0x0000000086000000|  0%| F|  |TAMS 0x0000000085f00000, 0x0000000085f00000| Untracked 
|  96|0x0000000086000000, 0x0000000086000000, 0x0000000086100000|  0%| F|  |TAMS 0x0000000086000000, 0x0000000086000000| Untracked 
|  97|0x0000000086100000, 0x0000000086200000, 0x0000000086200000|100%| O|  |TAMS 0x0000000086200000, 0x0000000086100000| Untracked 
|  98|0x0000000086200000, 0x0000000086300000, 0x0000000086300000|100%| O|  |TAMS 0x0000000086300000, 0x0000000086200000| Untracked 
|  99|0x0000000086300000, 0x0000000086400000, 0x0000000086400000|100%| O|  |TAMS 0x0000000086400000, 0x0000000086300000| Untracked 
| 100|0x0000000086400000, 0x0000000086500000, 0x0000000086500000|100%| O|  |TAMS 0x0000000086500000, 0x0000000086400000| Untracked 
| 101|0x0000000086500000, 0x0000000086600000, 0x0000000086600000|100%| O|  |TAMS 0x0000000086600000, 0x0000000086500000| Untracked 
| 102|0x0000000086600000, 0x0000000086700000, 0x0000000086700000|100%| O|  |TAMS 0x0000000086700000, 0x0000000086600000| Untracked 
| 103|0x0000000086700000, 0x0000000086800000, 0x0000000086800000|100%| O|  |TAMS 0x0000000086800000, 0x0000000086700000| Untracked 
| 104|0x0000000086800000, 0x0000000086900000, 0x0000000086900000|100%| O|  |TAMS 0x0000000086900000, 0x0000000086800000| Untracked 
| 105|0x0000000086900000, 0x0000000086a00000, 0x0000000086a00000|100%| O|  |TAMS 0x0000000086a00000, 0x0000000086900000| Untracked 
| 106|0x0000000086a00000, 0x0000000086b00000, 0x0000000086b00000|100%| O|  |TAMS 0x0000000086b00000, 0x0000000086a00000| Untracked 
| 107|0x0000000086b00000, 0x0000000086c00000, 0x0000000086c00000|100%| O|  |TAMS 0x0000000086b4d200, 0x0000000086b00000| Untracked 
| 108|0x0000000086c00000, 0x0000000086c00000, 0x0000000086d00000|  0%| F|  |TAMS 0x0000000086c00000, 0x0000000086c00000| Untracked 
| 109|0x0000000086d00000, 0x0000000086d00000, 0x0000000086e00000|  0%| F|  |TAMS 0x0000000086d00000, 0x0000000086d00000| Untracked 
| 110|0x0000000086e00000, 0x0000000086e00000, 0x0000000086f00000|  0%| F|  |TAMS 0x0000000086e00000, 0x0000000086e00000| Untracked 
| 111|0x0000000086f00000, 0x0000000086f00000, 0x0000000087000000|  0%| F|  |TAMS 0x0000000086f00000, 0x0000000086f00000| Untracked 
| 112|0x0000000087000000, 0x0000000087000000, 0x0000000087100000|  0%| F|  |TAMS 0x0000000087000000, 0x0000000087000000| Untracked 
| 113|0x0000000087100000, 0x0000000087100000, 0x0000000087200000|  0%| F|  |TAMS 0x0000000087100000, 0x0000000087100000| Untracked 
| 114|0x0000000087200000, 0x0000000087200000, 0x0000000087300000|  0%| F|  |TAMS 0x0000000087200000, 0x0000000087200000| Untracked 
| 115|0x0000000087300000, 0x0000000087300000, 0x0000000087400000|  0%| F|  |TAMS 0x0000000087300000, 0x0000000087300000| Untracked 
| 116|0x0000000087400000, 0x0000000087400000, 0x0000000087500000|  0%| F|  |TAMS 0x0000000087400000, 0x0000000087400000| Untracked 
| 117|0x0000000087500000, 0x0000000087500000, 0x0000000087600000|  0%| F|  |TAMS 0x0000000087500000, 0x0000000087500000| Untracked 
| 118|0x0000000087600000, 0x0000000087600000, 0x0000000087700000|  0%| F|  |TAMS 0x0000000087600000, 0x0000000087600000| Untracked 
| 119|0x0000000087700000, 0x0000000087700000, 0x0000000087800000|  0%| F|  |TAMS 0x0000000087700000, 0x0000000087700000| Untracked 
| 120|0x0000000087800000, 0x0000000087800000, 0x0000000087900000|  0%| F|  |TAMS 0x0000000087800000, 0x0000000087800000| Untracked 
| 121|0x0000000087900000, 0x0000000087900000, 0x0000000087a00000|  0%| F|  |TAMS 0x0000000087900000, 0x0000000087900000| Untracked 
| 122|0x0000000087a00000, 0x0000000087a00000, 0x0000000087b00000|  0%| F|  |TAMS 0x0000000087a00000, 0x0000000087a00000| Untracked 
| 123|0x0000000087b00000, 0x0000000087b9c7c0, 0x0000000087c00000| 61%| S|CS|TAMS 0x0000000087b00000, 0x0000000087b00000| Complete 
| 124|0x0000000087c00000, 0x0000000087d00000, 0x0000000087d00000|100%| S|CS|TAMS 0x0000000087c00000, 0x0000000087c00000| Complete 
| 125|0x0000000087d00000, 0x0000000087e00000, 0x0000000087e00000|100%| S|CS|TAMS 0x0000000087d00000, 0x0000000087d00000| Complete 
| 126|0x0000000087e00000, 0x0000000087e00000, 0x0000000087f00000|  0%| F|  |TAMS 0x0000000087e00000, 0x0000000087e00000| Untracked 
| 127|0x0000000087f00000, 0x0000000087f00000, 0x0000000088000000|  0%| F|  |TAMS 0x0000000087f00000, 0x0000000087f00000| Untracked 
| 128|0x0000000088000000, 0x0000000088000000, 0x0000000088100000|  0%| F|  |TAMS 0x0000000088000000, 0x0000000088000000| Untracked 
| 129|0x0000000088100000, 0x0000000088100000, 0x0000000088200000|  0%| F|  |TAMS 0x0000000088100000, 0x0000000088100000| Untracked 
| 130|0x0000000088200000, 0x0000000088300000, 0x0000000088300000|100%| S|CS|TAMS 0x0000000088200000, 0x0000000088200000| Complete 
| 131|0x0000000088300000, 0x0000000088400000, 0x0000000088400000|100%| S|CS|TAMS 0x0000000088300000, 0x0000000088300000| Complete 
| 132|0x0000000088400000, 0x0000000088500000, 0x0000000088500000|100%| S|CS|TAMS 0x0000000088400000, 0x0000000088400000| Complete 
| 133|0x0000000088500000, 0x0000000088600000, 0x0000000088600000|100%| S|CS|TAMS 0x0000000088500000, 0x0000000088500000| Complete 
| 134|0x0000000088600000, 0x0000000088600000, 0x0000000088700000|  0%| F|  |TAMS 0x0000000088600000, 0x0000000088600000| Untracked 
| 135|0x0000000088700000, 0x0000000088700000, 0x0000000088800000|  0%| F|  |TAMS 0x0000000088700000, 0x0000000088700000| Untracked 
| 136|0x0000000088800000, 0x0000000088800000, 0x0000000088900000|  0%| F|  |TAMS 0x0000000088800000, 0x0000000088800000| Untracked 
| 137|0x0000000088900000, 0x0000000088900000, 0x0000000088a00000|  0%| F|  |TAMS 0x0000000088900000, 0x0000000088900000| Untracked 
| 138|0x0000000088a00000, 0x0000000088a00000, 0x0000000088b00000|  0%| F|  |TAMS 0x0000000088a00000, 0x0000000088a00000| Untracked 
| 139|0x0000000088b00000, 0x0000000088b00000, 0x0000000088c00000|  0%| F|  |TAMS 0x0000000088b00000, 0x0000000088b00000| Untracked 
| 140|0x0000000088c00000, 0x0000000088c00000, 0x0000000088d00000|  0%| F|  |TAMS 0x0000000088c00000, 0x0000000088c00000| Untracked 
| 141|0x0000000088d00000, 0x0000000088d00000, 0x0000000088e00000|  0%| F|  |TAMS 0x0000000088d00000, 0x0000000088d00000| Untracked 
| 142|0x0000000088e00000, 0x0000000088e00000, 0x0000000088f00000|  0%| F|  |TAMS 0x0000000088e00000, 0x0000000088e00000| Untracked 
| 143|0x0000000088f00000, 0x0000000088f00000, 0x0000000089000000|  0%| F|  |TAMS 0x0000000088f00000, 0x0000000088f00000| Untracked 
| 144|0x0000000089000000, 0x0000000089000000, 0x0000000089100000|  0%| F|  |TAMS 0x0000000089000000, 0x0000000089000000| Untracked 
| 145|0x0000000089100000, 0x0000000089100000, 0x0000000089200000|  0%| F|  |TAMS 0x0000000089100000, 0x0000000089100000| Untracked 
| 146|0x0000000089200000, 0x0000000089200000, 0x0000000089300000|  0%| F|  |TAMS 0x0000000089200000, 0x0000000089200000| Untracked 
| 147|0x0000000089300000, 0x0000000089300000, 0x0000000089400000|  0%| F|  |TAMS 0x0000000089300000, 0x0000000089300000| Untracked 
| 148|0x0000000089400000, 0x0000000089400000, 0x0000000089500000|  0%| F|  |TAMS 0x0000000089400000, 0x0000000089400000| Untracked 
| 149|0x0000000089500000, 0x0000000089500000, 0x0000000089600000|  0%| F|  |TAMS 0x0000000089500000, 0x0000000089500000| Untracked 
| 150|0x0000000089600000, 0x0000000089600000, 0x0000000089700000|  0%| F|  |TAMS 0x0000000089600000, 0x0000000089600000| Untracked 
| 151|0x0000000089700000, 0x0000000089700000, 0x0000000089800000|  0%| F|  |TAMS 0x0000000089700000, 0x0000000089700000| Untracked 
| 152|0x0000000089800000, 0x0000000089800000, 0x0000000089900000|  0%| F|  |TAMS 0x0000000089800000, 0x0000000089800000| Untracked 
| 153|0x0000000089900000, 0x0000000089900000, 0x0000000089a00000|  0%| F|  |TAMS 0x0000000089900000, 0x0000000089900000| Untracked 
| 154|0x0000000089a00000, 0x0000000089a00000, 0x0000000089b00000|  0%| F|  |TAMS 0x0000000089a00000, 0x0000000089a00000| Untracked 
| 155|0x0000000089b00000, 0x0000000089b00000, 0x0000000089c00000|  0%| F|  |TAMS 0x0000000089b00000, 0x0000000089b00000| Untracked 
| 156|0x0000000089c00000, 0x0000000089c00000, 0x0000000089d00000|  0%| F|  |TAMS 0x0000000089c00000, 0x0000000089c00000| Untracked 
| 157|0x0000000089d00000, 0x0000000089d00000, 0x0000000089e00000|  0%| F|  |TAMS 0x0000000089d00000, 0x0000000089d00000| Untracked 
| 158|0x0000000089e00000, 0x0000000089e00000, 0x0000000089f00000|  0%| F|  |TAMS 0x0000000089e00000, 0x0000000089e00000| Untracked 
| 159|0x0000000089f00000, 0x0000000089f00000, 0x000000008a000000|  0%| F|  |TAMS 0x0000000089f00000, 0x0000000089f00000| Untracked 
| 160|0x000000008a000000, 0x000000008a000000, 0x000000008a100000|  0%| F|  |TAMS 0x000000008a000000, 0x000000008a000000| Untracked 
| 161|0x000000008a100000, 0x000000008a100000, 0x000000008a200000|  0%| F|  |TAMS 0x000000008a100000, 0x000000008a100000| Untracked 
| 162|0x000000008a200000, 0x000000008a200000, 0x000000008a300000|  0%| F|  |TAMS 0x000000008a200000, 0x000000008a200000| Untracked 
| 163|0x000000008a300000, 0x000000008a300000, 0x000000008a400000|  0%| F|  |TAMS 0x000000008a300000, 0x000000008a300000| Untracked 
| 164|0x000000008a400000, 0x000000008a400000, 0x000000008a500000|  0%| F|  |TAMS 0x000000008a400000, 0x000000008a400000| Untracked 
| 165|0x000000008a500000, 0x000000008a500000, 0x000000008a600000|  0%| F|  |TAMS 0x000000008a500000, 0x000000008a500000| Untracked 
| 166|0x000000008a600000, 0x000000008a600000, 0x000000008a700000|  0%| F|  |TAMS 0x000000008a600000, 0x000000008a600000| Untracked 
| 167|0x000000008a700000, 0x000000008a700000, 0x000000008a800000|  0%| F|  |TAMS 0x000000008a700000, 0x000000008a700000| Untracked 
| 168|0x000000008a800000, 0x000000008a800000, 0x000000008a900000|  0%| F|  |TAMS 0x000000008a800000, 0x000000008a800000| Untracked 
| 169|0x000000008a900000, 0x000000008a900000, 0x000000008aa00000|  0%| F|  |TAMS 0x000000008a900000, 0x000000008a900000| Untracked 
| 170|0x000000008aa00000, 0x000000008aa00000, 0x000000008ab00000|  0%| F|  |TAMS 0x000000008aa00000, 0x000000008aa00000| Untracked 
| 171|0x000000008ab00000, 0x000000008ab00000, 0x000000008ac00000|  0%| F|  |TAMS 0x000000008ab00000, 0x000000008ab00000| Untracked 
| 172|0x000000008ac00000, 0x000000008ac00000, 0x000000008ad00000|  0%| F|  |TAMS 0x000000008ac00000, 0x000000008ac00000| Untracked 
| 173|0x000000008ad00000, 0x000000008ad00000, 0x000000008ae00000|  0%| F|  |TAMS 0x000000008ad00000, 0x000000008ad00000| Untracked 
| 174|0x000000008ae00000, 0x000000008ae00000, 0x000000008af00000|  0%| F|  |TAMS 0x000000008ae00000, 0x000000008ae00000| Untracked 
| 175|0x000000008af00000, 0x000000008b000000, 0x000000008b000000|100%| E|  |TAMS 0x000000008af00000, 0x000000008af00000| Complete 
| 176|0x000000008b000000, 0x000000008b100000, 0x000000008b100000|100%| E|CS|TAMS 0x000000008b000000, 0x000000008b000000| Complete 
| 177|0x000000008b100000, 0x000000008b200000, 0x000000008b200000|100%| E|CS|TAMS 0x000000008b100000, 0x000000008b100000| Complete 
| 178|0x000000008b200000, 0x000000008b300000, 0x000000008b300000|100%| E|CS|TAMS 0x000000008b200000, 0x000000008b200000| Complete 
| 179|0x000000008b300000, 0x000000008b400000, 0x000000008b400000|100%| E|CS|TAMS 0x000000008b300000, 0x000000008b300000| Complete 
| 180|0x000000008b400000, 0x000000008b500000, 0x000000008b500000|100%| E|CS|TAMS 0x000000008b400000, 0x000000008b400000| Complete 
| 181|0x000000008b500000, 0x000000008b600000, 0x000000008b600000|100%| E|CS|TAMS 0x000000008b500000, 0x000000008b500000| Complete 
| 182|0x000000008b600000, 0x000000008b700000, 0x000000008b700000|100%| E|CS|TAMS 0x000000008b600000, 0x000000008b600000| Complete 

Card table byte_map: [0x0000022046290000,0x0000022046690000] _byte_map_base: 0x0000022045e90000

Marking Bits (Prev, Next): (CMBitMap*) 0x00000220330be728, (CMBitMap*) 0x00000220330be760
 Prev Bits: [0x0000022046a90000, 0x0000022048a90000)
 Next Bits: [0x0000022048a90000, 0x000002204aa90000)

Polling page: 0x0000022031090000

Metaspace:

Usage:
  Non-class:     84.23 MB capacity,    82.32 MB ( 98%) used,     1.63 MB (  2%) free+waste,   288.19 KB ( <1%) overhead. 
      Class:     13.18 MB capacity,    12.15 MB ( 92%) used,   917.21 KB (  7%) free+waste,   129.38 KB ( <1%) overhead. 
       Both:     97.40 MB capacity,    94.47 MB ( 97%) used,     2.53 MB (  3%) free+waste,   417.56 KB ( <1%) overhead. 

Virtual space:
  Non-class space:       86.00 MB reserved,      84.25 MB ( 98%) committed 
      Class space:        1.00 GB reserved,      13.20 MB (  1%) committed 
             Both:        1.08 GB reserved,      97.45 MB (  9%) committed 

Chunk freelists:
   Non-Class:  22.00 KB
       Class:  12.00 KB
        Both:  34.00 KB

MaxMetaspaceSize: 17179869184.00 GB
CompressedClassSpaceSize: 1.00 GB

CodeHeap 'non-profiled nmethods': size=120000Kb used=8650Kb max_used=8650Kb free=111349Kb
 bounds [0x000002203e630000, 0x000002203eeb0000, 0x0000022045b60000]
CodeHeap 'profiled nmethods': size=120000Kb used=28550Kb max_used=28550Kb free=91449Kb
 bounds [0x0000022037100000, 0x0000022038cf0000, 0x000002203e630000]
CodeHeap 'non-nmethods': size=5760Kb used=2297Kb max_used=2345Kb free=3463Kb
 bounds [0x0000022036b60000, 0x0000022036dd0000, 0x0000022037100000]
 total_blobs=13727 nmethods=12817 adapters=821
 compilation: enabled
              stopped_count=0, restarted_count=0
 full_count=0

Compilation events (20 events):
Event: 1356.394 Thread 0x000002204d507000 nmethod 12865 0x000002203eea0a10 code [0x000002203eea0bc0, 0x000002203eea0c78]
Event: 1356.394 Thread 0x000002204d507000 12868       1       sun.security.x509.X509AttributeName::getPrefix (5 bytes)
Event: 1356.394 Thread 0x000002204d507000 nmethod 12868 0x000002203eea0d10 code [0x000002203eea0ec0, 0x000002203eea0f78]
Event: 1356.394 Thread 0x000002204d507000 12870       3       sun.security.util.BitArray::get (47 bytes)
Event: 1356.394 Thread 0x000002204d507000 nmethod 12870 0x0000022038cd1610 code [0x0000022038cd1800, 0x0000022038cd1c18]
Event: 1356.394 Thread 0x000002204d507000 12871       3       sun.security.util.DerInputStream::getSequence (37 bytes)
Event: 1356.395 Thread 0x000002204d507000 nmethod 12871 0x0000022038cd1e10 code [0x0000022038cd2000, 0x0000022038cd22e8]
Event: 1356.395 Thread 0x000002204d507000 12872       3       sun.security.jca.Providers::getProviderList (14 bytes)
Event: 1356.395 Thread 0x000002204d507000 nmethod 12872 0x0000022038cd2410 code [0x0000022038cd25e0, 0x0000022038cd29a8]
Event: 1356.395 Thread 0x000002204d507000 12873       3       sun.security.jca.Providers::getThreadProviderList (18 bytes)
Event: 1356.395 Thread 0x000002204d507000 nmethod 12873 0x0000022038cd2a90 code [0x0000022038cd2c60, 0x0000022038cd2f28]
Event: 1356.396 Thread 0x000002204d507000 12874       3       sun.security.util.DerInputBuffer::getBigInteger (114 bytes)
Event: 1356.397 Thread 0x000002204d507000 nmethod 12874 0x0000022038cd3010 code [0x0000022038cd3280, 0x0000022038cd3ec8]
Event: 1356.397 Thread 0x000002204d507000 12875       3       sun.security.util.DerValue::isContextSpecific (20 bytes)
Event: 1356.397 Thread 0x000002204d507000 nmethod 12875 0x0000022038cd4210 code [0x0000022038cd43c0, 0x0000022038cd4538]
Event: 1356.397 Thread 0x000002204d507000 12876       1       sun.util.calendar.CalendarDate::getHours (5 bytes)
Event: 1356.397 Thread 0x000002204d507000 nmethod 12876 0x000002203eea1010 code [0x000002203eea11c0, 0x000002203eea1278]
Event: 1356.397 Thread 0x000002204d507000 12877       1       sun.util.calendar.CalendarDate::getMinutes (5 bytes)
Event: 1356.397 Thread 0x000002204d507000 nmethod 12877 0x000002203eea1310 code [0x000002203eea14c0, 0x000002203eea1578]
Event: 1356.397 Thread 0x000002204d507000 12878       1       sun.util.calendar.CalendarDate::getSeconds (5 bytes)

GC Heap History (20 events):
Event: 13.137 GC heap before
{Heap before GC invocations=13 (full 0):
 garbage-first heap   total 155648K, used 114692K [0x0000000080000000, 0x0000000100000000)
  region size 1024K, 70 young (71680K), 4 survivors (4096K)
 Metaspace       used 63264K, capacity 64944K, committed 65100K, reserved 1105920K
  class space    used 8055K, capacity 8660K, committed 8780K, reserved 1048576K
}
Event: 13.155 GC heap after
{Heap after GC invocations=14 (full 0):
 garbage-first heap   total 155648K, used 51813K [0x0000000080000000, 0x0000000100000000)
  region size 1024K, 9 young (9216K), 9 survivors (9216K)
 Metaspace       used 63264K, capacity 64944K, committed 65100K, reserved 1105920K
  class space    used 8055K, capacity 8660K, committed 8780K, reserved 1048576K
}
Event: 14.539 GC heap before
{Heap before GC invocations=15 (full 0):
 garbage-first heap   total 155648K, used 117349K [0x0000000080000000, 0x0000000100000000)
  region size 1024K, 73 young (74752K), 9 survivors (9216K)
 Metaspace       used 70178K, capacity 71924K, committed 72012K, reserved 1112064K
  class space    used 9129K, capacity 9762K, committed 9804K, reserved 1048576K
}
Event: 14.553 GC heap after
{Heap after GC invocations=16 (full 0):
 garbage-first heap   total 155648K, used 56080K [0x0000000080000000, 0x0000000100000000)
  region size 1024K, 5 young (5120K), 5 survivors (5120K)
 Metaspace       used 70178K, capacity 71924K, committed 72012K, reserved 1112064K
  class space    used 9129K, capacity 9762K, committed 9804K, reserved 1048576K
}
Event: 15.783 GC heap before
{Heap before GC invocations=16 (full 0):
 garbage-first heap   total 155648K, used 120592K [0x0000000080000000, 0x0000000100000000)
  region size 1024K, 68 young (69632K), 5 survivors (5120K)
 Metaspace       used 76714K, capacity 78561K, committed 78668K, reserved 1118208K
  class space    used 10040K, capacity 10724K, committed 10828K, reserved 1048576K
}
Event: 15.794 GC heap after
{Heap after GC invocations=17 (full 0):
 garbage-first heap   total 155648K, used 59992K [0x0000000080000000, 0x0000000100000000)
  region size 1024K, 9 young (9216K), 9 survivors (9216K)
 Metaspace       used 76714K, capacity 78561K, committed 78668K, reserved 1118208K
  class space    used 10040K, capacity 10724K, committed 10828K, reserved 1048576K
}
Event: 16.925 GC heap before
{Heap before GC invocations=17 (full 0):
 garbage-first heap   total 155648K, used 121432K [0x0000000080000000, 0x0000000100000000)
  region size 1024K, 70 young (71680K), 9 survivors (9216K)
 Metaspace       used 78803K, capacity 80910K, committed 81100K, reserved 1120256K
  class space    used 10338K, capacity 11107K, committed 11212K, reserved 1048576K
}
Event: 16.941 GC heap after
{Heap after GC invocations=18 (full 0):
 garbage-first heap   total 155648K, used 64308K [0x0000000080000000, 0x0000000100000000)
  region size 1024K, 9 young (9216K), 9 survivors (9216K)
 Metaspace       used 78803K, capacity 80910K, committed 81100K, reserved 1120256K
  class space    used 10338K, capacity 11107K, committed 11212K, reserved 1048576K
}
Event: 18.017 GC heap before
{Heap before GC invocations=18 (full 0):
 garbage-first heap   total 155648K, used 122676K [0x0000000080000000, 0x0000000100000000)
  region size 1024K, 67 young (68608K), 9 survivors (9216K)
 Metaspace       used 79685K, capacity 81824K, committed 81868K, reserved 1120256K
  class space    used 10407K, capacity 11170K, committed 11212K, reserved 1048576K
}
Event: 18.037 GC heap after
{Heap after GC invocations=19 (full 0):
 garbage-first heap   total 187392K, used 68190K [0x0000000080000000, 0x0000000100000000)
  region size 1024K, 9 young (9216K), 9 survivors (9216K)
 Metaspace       used 79685K, capacity 81824K, committed 81868K, reserved 1120256K
  class space    used 10407K, capacity 11170K, committed 11212K, reserved 1048576K
}
Event: 1344.970 GC heap before
{Heap before GC invocations=19 (full 0):
 garbage-first heap   total 187392K, used 144990K [0x0000000080000000, 0x0000000100000000)
  region size 1024K, 84 young (86016K), 9 survivors (9216K)
 Metaspace       used 81233K, capacity 83541K, committed 83660K, reserved 1122304K
  class space    used 10556K, capacity 11391K, committed 11468K, reserved 1048576K
}
Event: 1345.112 GC heap after
{Heap after GC invocations=20 (full 0):
 garbage-first heap   total 187392K, used 70944K [0x0000000080000000, 0x0000000100000000)
  region size 1024K, 7 young (7168K), 7 survivors (7168K)
 Metaspace       used 81233K, capacity 83541K, committed 83660K, reserved 1122304K
  class space    used 10556K, capacity 11391K, committed 11468K, reserved 1048576K
}
Event: 1350.224 GC heap before
{Heap before GC invocations=20 (full 0):
 garbage-first heap   total 187392K, used 169248K [0x0000000080000000, 0x0000000100000000)
  region size 1024K, 86 young (88064K), 7 survivors (7168K)
 Metaspace       used 85907K, capacity 88476K, committed 88780K, reserved 1126400K
  class space    used 11251K, capacity 12123K, committed 12236K, reserved 1048576K
}
Event: 1350.263 GC heap after
{Heap after GC invocations=21 (full 0):
 garbage-first heap   total 187392K, used 98209K [0x0000000080000000, 0x0000000100000000)
  region size 1024K, 11 young (11264K), 11 survivors (11264K)
 Metaspace       used 85907K, capacity 88476K, committed 88780K, reserved 1126400K
  class space    used 11251K, capacity 12123K, committed 12236K, reserved 1048576K
}
Event: 1352.013 GC heap before
{Heap before GC invocations=21 (full 0):
 garbage-first heap   total 187392K, used 156577K [0x0000000080000000, 0x0000000100000000)
  region size 1024K, 68 young (69632K), 11 survivors (11264K)
 Metaspace       used 90057K, capacity 92940K, committed 93260K, reserved 1130496K
  class space    used 11781K, capacity 12760K, committed 12876K, reserved 1048576K
}
Event: 1352.050 GC heap after
{Heap after GC invocations=22 (full 0):
 garbage-first heap   total 187392K, used 102708K [0x0000000080000000, 0x0000000100000000)
  region size 1024K, 4 young (4096K), 4 survivors (4096K)
 Metaspace       used 90057K, capacity 92940K, committed 93260K, reserved 1130496K
  class space    used 11781K, capacity 12760K, committed 12876K, reserved 1048576K
}
Event: 1353.221 GC heap before
{Heap before GC invocations=23 (full 0):
 garbage-first heap   total 187392K, used 154932K [0x0000000080000000, 0x0000000100000000)
  region size 1024K, 57 young (58368K), 4 survivors (4096K)
 Metaspace       used 92877K, capacity 95603K, committed 95820K, reserved 1132544K
  class space    used 12086K, capacity 13043K, committed 13132K, reserved 1048576K
}
Event: 1353.232 GC heap after
{Heap after GC invocations=24 (full 0):
 garbage-first heap   total 187392K, used 106475K [0x0000000080000000, 0x0000000100000000)
  region size 1024K, 8 young (8192K), 8 survivors (8192K)
 Metaspace       used 92877K, capacity 95603K, committed 95820K, reserved 1132544K
  class space    used 12086K, capacity 13043K, committed 13132K, reserved 1048576K
}
Event: 1356.134 GC heap before
{Heap before GC invocations=25 (full 0):
 garbage-first heap   total 187392K, used 156651K [0x0000000080000000, 0x0000000100000000)
  region size 1024K, 57 young (58368K), 8 survivors (8192K)
 Metaspace       used 95075K, capacity 98045K, committed 98380K, reserved 1134592K
  class space    used 12262K, capacity 13294K, committed 13388K, reserved 1048576K
}
Event: 1356.147 GC heap after
{Heap after GC invocations=26 (full 0):
 garbage-first heap   total 187392K, used 109107K [0x0000000080000000, 0x0000000100000000)
  region size 1024K, 7 young (7168K), 7 survivors (7168K)
 Metaspace       used 95075K, capacity 98045K, committed 98380K, reserved 1134592K
  class space    used 12262K, capacity 13294K, committed 13388K, reserved 1048576K
}

Deoptimization events (20 events):
Event: 1356.210 Thread 0x0000022051ae1000 DEOPT PACKING pc=0x000002203ea89c9c sp=0x0000007b8e6f42d0
Event: 1356.210 Thread 0x0000022051ae1000 DEOPT UNPACKING pc=0x0000022036b878af sp=0x0000007b8e6f4248 mode 2
Event: 1356.210 Thread 0x0000022051ae1000 Uncommon trap: trap_request=0xffffffde fr.pc=0x000002203ea89c9c relative=0x000000000000031c
Event: 1356.210 Thread 0x0000022051ae1000 Uncommon trap: reason=class_check action=maybe_recompile pc=0x000002203ea89c9c method=java.util.regex.Pattern$NotBehind.match(Ljava/util/regex/Matcher;ILjava/lang/CharSequence;)Z @ 125 c2
Event: 1356.210 Thread 0x0000022051ae1000 DEOPT PACKING pc=0x000002203ea89c9c sp=0x0000007b8e6f42d0
Event: 1356.210 Thread 0x0000022051ae1000 DEOPT UNPACKING pc=0x0000022036b878af sp=0x0000007b8e6f4248 mode 2
Event: 1356.231 Thread 0x0000022051ae1000 Uncommon trap: trap_request=0x00000186 fr.pc=0x000002203e9e5230 relative=0x00000000000003b0
Event: 1356.231 Thread 0x0000022051ae1000 Uncommon trap: reason=unloaded action=reinterpret pc=0x000002203e9e5230 method=java.util.regex.Pattern.newSlice([IIZ)Ljava/util/regex/Pattern$Node; @ 68 c2
Event: 1356.231 Thread 0x0000022051ae1000 DEOPT PACKING pc=0x000002203e9e5230 sp=0x0000007b8e6f09c0
Event: 1356.231 Thread 0x0000022051ae1000 DEOPT UNPACKING pc=0x0000022036b878af sp=0x0000007b8e6f0978 mode 2
Event: 1356.247 Thread 0x0000022051ae1000 DEOPT PACKING pc=0x00000220371c27e4 sp=0x0000007b8e6f2f20
Event: 1356.247 Thread 0x0000022051ae1000 DEOPT UNPACKING pc=0x0000022036b876ce sp=0x0000007b8e6f23e8 mode 0
Event: 1356.250 Thread 0x0000022051ae1000 Uncommon trap: trap_request=0xffffff4d fr.pc=0x000002203edf3d8c relative=0x00000000000009cc
Event: 1356.250 Thread 0x0000022051ae1000 Uncommon trap: reason=unstable_if action=reinterpret pc=0x000002203edf3d8c method=sun.net.util.IPAddressUtil.scan(Ljava/lang/String;JJ[C)I @ 14 c2
Event: 1356.250 Thread 0x0000022051ae1000 DEOPT PACKING pc=0x000002203edf3d8c sp=0x0000007b8e6f2bc0
Event: 1356.250 Thread 0x0000022051ae1000 DEOPT UNPACKING pc=0x0000022036b878af sp=0x0000007b8e6f2a40 mode 2
Event: 1356.356 Thread 0x0000022051ae1000 Uncommon trap: trap_request=0xffffff4d fr.pc=0x000002203eb1014c relative=0x00000000000007cc
Event: 1356.357 Thread 0x0000022051ae1000 Uncommon trap: reason=unstable_if action=reinterpret pc=0x000002203eb1014c method=java.io.BufferedInputStream.read([BII)I @ 31 c2
Event: 1356.357 Thread 0x0000022051ae1000 DEOPT PACKING pc=0x000002203eb1014c sp=0x0000007b8e6f4440
Event: 1356.357 Thread 0x0000022051ae1000 DEOPT UNPACKING pc=0x0000022036b878af sp=0x0000007b8e6f43f8 mode 2

Classes redefined (0 events):
No events

Internal exceptions (20 events):
Event: 1353.094 Thread 0x0000022051ae1000 Exception <a 'java/lang/ClassNotFoundException'{0x0000000088db7460}: com/android/build/gradle/tasks/factory/AndroidUnitTest_DecoratedBeanInfo> (0x0000000088db7460) thrown at [./src/hotspot/share/classfile/systemDictionary.cpp, line 231]
Event: 1353.095 Thread 0x0000022051ae1000 Exception <a 'java/lang/ClassNotFoundException'{0x0000000088dd1a78}: com/android/build/gradle/tasks/factory/AndroidUnitTestBeanInfo> (0x0000000088dd1a78) thrown at [./src/hotspot/share/classfile/systemDictionary.cpp, line 231]
Event: 1353.095 Thread 0x0000022051ae1000 Exception <a 'java/lang/ClassNotFoundException'{0x0000000088df2bd0}: org/gradle/api/tasks/testing/TestBeanInfo> (0x0000000088df2bd0) thrown at [./src/hotspot/share/classfile/systemDictionary.cpp, line 231]
Event: 1353.096 Thread 0x0000022051ae1000 Exception <a 'java/lang/ClassNotFoundException'{0x0000000088c180b8}: org/gradle/api/tasks/testing/AbstractTestTaskBeanInfo> (0x0000000088c180b8) thrown at [./src/hotspot/share/classfile/systemDictionary.cpp, line 231]
Event: 1353.097 Thread 0x0000022051ae1000 Exception <a 'java/lang/ClassNotFoundException'{0x0000000088c3d688}: org/gradle/api/tasks/testing/AbstractTestTaskCustomizer> (0x0000000088c3d688) thrown at [./src/hotspot/share/classfile/systemDictionary.cpp, line 231]
Event: 1353.098 Thread 0x0000022051ae1000 Exception <a 'java/lang/ClassNotFoundException'{0x0000000088c7ded8}: org/gradle/api/tasks/testing/TestCustomizer> (0x0000000088c7ded8) thrown at [./src/hotspot/share/classfile/systemDictionary.cpp, line 231]
Event: 1353.103 Thread 0x0000022051ae1000 Exception <a 'java/lang/ClassNotFoundException'{0x0000000088b396d8}: com/android/build/gradle/tasks/factory/AndroidUnitTestCustomizer> (0x0000000088b396d8) thrown at [./src/hotspot/share/classfile/systemDictionary.cpp, line 231]
Event: 1353.104 Thread 0x0000022051ae1000 Exception <a 'java/lang/ClassNotFoundException'{0x0000000088b70990}: com/android/build/gradle/tasks/factory/AndroidUnitTest_DecoratedCustomizer> (0x0000000088b70990) thrown at [./src/hotspot/share/classfile/systemDictionary.cpp, line 231]
Event: 1353.122 Thread 0x0000022051ae1000 Exception <a 'java/lang/ClassNotFoundException'{0x00000000888853d0}: org/gradle/api/internal/tasks/DefaultSourceSetContainer_DecoratedBeanInfo> (0x00000000888853d0) thrown at [./src/hotspot/share/classfile/systemDictionary.cpp, line 231]
Event: 1353.123 Thread 0x0000022051ae1000 Exception <a 'java/lang/ClassNotFoundException'{0x00000000888ab5f0}: org/gradle/api/internal/tasks/DefaultSourceSetContainerBeanInfo> (0x00000000888ab5f0) thrown at [./src/hotspot/share/classfile/systemDictionary.cpp, line 231]
Event: 1353.124 Thread 0x0000022051ae1000 Exception <a 'java/lang/ClassNotFoundException'{0x00000000888d1868}: org/gradle/api/internal/tasks/DefaultSourceSetContainerCustomizer> (0x00000000888d1868) thrown at [./src/hotspot/share/classfile/systemDictionary.cpp, line 231]
Event: 1353.126 Thread 0x0000022051ae1000 Exception <a 'java/lang/ClassNotFoundException'{0x0000000088706e60}: org/gradle/api/internal/tasks/DefaultSourceSetContainer_DecoratedCustomizer> (0x0000000088706e60) thrown at [./src/hotspot/share/classfile/systemDictionary.cpp, line 231]
Event: 1353.299 Thread 0x0000022051ae1000 Exception <a 'sun/nio/fs/WindowsException'{0x000000008b393b58}> (0x000000008b393b58) thrown at [./src/hotspot/share/prims/jni.cpp, line 615]
Event: 1353.330 Thread 0x0000022051ae1000 Exception <a 'sun/nio/fs/WindowsException'{0x000000008b235f70}> (0x000000008b235f70) thrown at [./src/hotspot/share/prims/jni.cpp, line 615]
Event: 1353.331 Thread 0x0000022051ae1000 Exception <a 'sun/nio/fs/WindowsException'{0x000000008b2372e8}> (0x000000008b2372e8) thrown at [./src/hotspot/share/prims/jni.cpp, line 615]
Event: 1353.331 Thread 0x0000022051ae1000 Exception <a 'sun/nio/fs/WindowsException'{0x000000008b2386b0}> (0x000000008b2386b0) thrown at [./src/hotspot/share/prims/jni.cpp, line 615]
Event: 1353.331 Thread 0x0000022051ae1000 Exception <a 'sun/nio/fs/WindowsException'{0x000000008b239a78}> (0x000000008b239a78) thrown at [./src/hotspot/share/prims/jni.cpp, line 615]
Event: 1353.749 Thread 0x0000022051ae1000 Implicit null exception at 0x000002203ec62b72 to 0x000002203ec62d48
Event: 1355.983 Thread 0x0000022051ae1000 Exception <a 'java/lang/NoSuchMethodError'{0x0000000088c8b588}: 'int java.lang.invoke.DirectMethodHandle$Holder.invokeSpecialIFC(java.lang.Object, java.lang.Object, java.lang.Object)'> (0x0000000088c8b588) thrown at [./src/hotspot/share/interpreter/linkResolver.cpp, line 773]
Event: 1356.229 Thread 0x0000022051ae1000 Exception <a 'sun/nio/fs/WindowsException'{0x000000008b575448}> (0x000000008b575448) thrown at [./src/hotspot/share/prims/jni.cpp, line 615]

Events (20 events):
Event: 1356.356 loading class sun/security/provider/JavaKeyStore$TrustedCertEntry
Event: 1356.356 loading class sun/security/provider/JavaKeyStore$TrustedCertEntry done
Event: 1356.356 Executing VM operation: RevokeBias
Event: 1356.357 Executing VM operation: RevokeBias done
Event: 1356.357 Executing VM operation: RevokeBias
Event: 1356.357 Executing VM operation: RevokeBias done
Event: 1356.363 loading class java/security/interfaces/ECPublicKey
Event: 1356.363 loading class java/security/interfaces/ECPublicKey done
Event: 1356.373 loading class sun/security/x509/CertificatePoliciesExtension
Event: 1356.373 loading class sun/security/x509/CertificatePoliciesExtension done
Event: 1356.373 loading class sun/security/x509/PolicyInformation
Event: 1356.374 loading class sun/security/x509/PolicyInformation done
Event: 1356.374 loading class sun/security/x509/CertificatePolicyId
Event: 1356.374 loading class sun/security/x509/CertificatePolicyId done
Event: 1356.374 loading class java/security/cert/PolicyQualifierInfo
Event: 1356.374 loading class java/security/cert/PolicyQualifierInfo done
Event: 1356.376 loading class sun/security/x509/IssuerAlternativeNameExtension
Event: 1356.376 loading class sun/security/x509/IssuerAlternativeNameExtension done
Event: 1356.386 loading class sun/security/x509/PrivateKeyUsageExtension
Event: 1356.386 loading class sun/security/x509/PrivateKeyUsageExtension done


Dynamic libraries:
0x00007ff71ec50000 - 0x00007ff71ec5a000 	D:\Android Studio\jre\bin\java.exe
0x00007fff32f30000 - 0x00007fff33144000 	C:\WINDOWS\SYSTEM32\ntdll.dll
0x00007fff31c60000 - 0x00007fff31d22000 	C:\WINDOWS\System32\KERNEL32.DLL
0x00007fff304f0000 - 0x00007fff30893000 	C:\WINDOWS\System32\KERNELBASE.dll
0x00007fff309e0000 - 0x00007fff30af1000 	C:\WINDOWS\System32\ucrtbase.dll
0x00007ffefbc10000 - 0x00007ffefbc29000 	D:\Android Studio\jre\bin\jli.dll
0x00007ffefa290000 - 0x00007ffefa2a7000 	D:\Android Studio\jre\bin\VCRUNTIME140.dll
0x00007fff32c90000 - 0x00007fff32e3b000 	C:\WINDOWS\System32\USER32.dll
0x00007fff0cf90000 - 0x00007fff0d21e000 	C:\WINDOWS\WinSxS\amd64_microsoft.windows.common-controls_6595b64144ccf1df_6.0.22621.1635_none_270f70857386168e\COMCTL32.dll
0x00007fff30450000 - 0x00007fff30476000 	C:\WINDOWS\System32\win32u.dll
0x00007fff32e40000 - 0x00007fff32ee7000 	C:\WINDOWS\System32\msvcrt.dll
0x00007fff312a0000 - 0x00007fff312c9000 	C:\WINDOWS\System32\GDI32.dll
0x00007fff30330000 - 0x00007fff30449000 	C:\WINDOWS\System32\gdi32full.dll
0x00007fff30c70000 - 0x00007fff30d0a000 	C:\WINDOWS\System32\msvcp_win.dll
0x00007fff327d0000 - 0x00007fff32801000 	C:\WINDOWS\System32\IMM32.DLL
0x00007ffee6f60000 - 0x00007ffee6ffd000 	D:\Android Studio\jre\bin\msvcp140.dll
0x00007ffee3120000 - 0x00007ffee3bef000 	D:\Android Studio\jre\bin\server\jvm.dll
0x00007fff30d10000 - 0x00007fff30dbe000 	C:\WINDOWS\System32\ADVAPI32.dll
0x00007fff311f0000 - 0x00007fff31294000 	C:\WINDOWS\System32\sechost.dll
0x00007fff31ee0000 - 0x00007fff31ff7000 	C:\WINDOWS\System32\RPCRT4.dll
0x00007fff312d0000 - 0x00007fff312d8000 	C:\WINDOWS\System32\PSAPI.DLL
0x00007fff29ac0000 - 0x00007fff29ac9000 	C:\WINDOWS\SYSTEM32\WSOCK32.dll
0x00007fff27b30000 - 0x00007fff27b64000 	C:\WINDOWS\SYSTEM32\WINMM.dll
0x00007fff280c0000 - 0x00007fff280ca000 	C:\WINDOWS\SYSTEM32\VERSION.dll
0x00007fff31170000 - 0x00007fff311e1000 	C:\WINDOWS\System32\WS2_32.dll
0x00007fff2f3b0000 - 0x00007fff2f3c8000 	C:\WINDOWS\SYSTEM32\kernel.appcore.dll
0x00007fff04a90000 - 0x00007fff04aa1000 	D:\Android Studio\jre\bin\verify.dll
0x00007fff2dda0000 - 0x00007fff2dfce000 	C:\WINDOWS\SYSTEM32\DBGHELP.DLL
0x00007fff32000000 - 0x00007fff32389000 	C:\WINDOWS\System32\combase.dll
0x00007fff32530000 - 0x00007fff32607000 	C:\WINDOWS\System32\OLEAUT32.dll
0x00007fff0aaf0000 - 0x00007fff0ab22000 	C:\WINDOWS\SYSTEM32\dbgcore.DLL
0x00007fff308a0000 - 0x00007fff3091b000 	C:\WINDOWS\System32\bcryptPrimitives.dll
0x00007fff03d90000 - 0x00007fff03db9000 	D:\Android Studio\jre\bin\java.dll
0x00007fff29650000 - 0x00007fff2965b000 	D:\Android Studio\jre\bin\jimage.dll
0x00007fff035a0000 - 0x00007fff035b8000 	D:\Android Studio\jre\bin\zip.dll
0x00007fff312e0000 - 0x00007fff31ada000 	C:\WINDOWS\System32\SHELL32.dll
0x00007fff2e2e0000 - 0x00007fff2ebae000 	C:\WINDOWS\SYSTEM32\windows.storage.dll
0x00007fff2e1a0000 - 0x00007fff2e2de000 	C:\WINDOWS\SYSTEM32\wintypes.dll
0x00007fff30f60000 - 0x00007fff31051000 	C:\WINDOWS\System32\SHCORE.dll
0x00007fff31c00000 - 0x00007fff31c5e000 	C:\WINDOWS\System32\shlwapi.dll
0x00007fff30260000 - 0x00007fff30281000 	C:\WINDOWS\SYSTEM32\profapi.dll
0x00007fff03490000 - 0x00007fff034aa000 	D:\Android Studio\jre\bin\net.dll
0x00007fff279f0000 - 0x00007fff27b27000 	C:\WINDOWS\SYSTEM32\WINHTTP.dll
0x00007fff2f8a0000 - 0x00007fff2f909000 	C:\WINDOWS\system32\mswsock.dll
0x00007fff03290000 - 0x00007fff032a4000 	D:\Android Studio\jre\bin\nio.dll
0x00007ffefcb10000 - 0x00007ffefcb37000 	C:\Users\nikhi\.gradle\native\8bec1ad78214c89d9ad589b4d07fe93259594b29d510b10fafb7a158f7737e5d\windows-amd64\native-platform.dll
0x00007ffeec2b0000 - 0x00007ffeec3ed000 	C:\Users\nikhi\.gradle\native\53dbd7edfb1c66fb8903c78663c9afc45aea4f116125fa6feffd364cf09443e8\windows-amd64\native-platform-file-events.dll
0x00007fff26c90000 - 0x00007fff26c9a000 	D:\Android Studio\jre\bin\management.dll
0x00007fff26c40000 - 0x00007fff26c4c000 	D:\Android Studio\jre\bin\management_ext.dll
0x00007fff2fb40000 - 0x00007fff2fb5b000 	C:\WINDOWS\SYSTEM32\CRYPTSP.dll
0x00007fff2f320000 - 0x00007fff2f355000 	C:\WINDOWS\system32\rsaenh.dll
0x00007fff2f9c0000 - 0x00007fff2f9e8000 	C:\WINDOWS\SYSTEM32\USERENV.dll
0x00007fff2fd00000 - 0x00007fff2fd28000 	C:\WINDOWS\SYSTEM32\bcrypt.dll
0x00007fff2fb60000 - 0x00007fff2fb6c000 	C:\WINDOWS\SYSTEM32\CRYPTBASE.dll
0x00007fff2ee50000 - 0x00007fff2ee7d000 	C:\WINDOWS\SYSTEM32\IPHLPAPI.DLL
0x00007fff31e00000 - 0x00007fff31e09000 	C:\WINDOWS\System32\NSI.dll
0x00007fff280a0000 - 0x00007fff280b9000 	C:\WINDOWS\SYSTEM32\dhcpcsvc6.DLL
0x00007fff279d0000 - 0x00007fff279ef000 	C:\WINDOWS\SYSTEM32\dhcpcsvc.DLL
0x00007fff2ee80000 - 0x00007fff2ef73000 	C:\WINDOWS\SYSTEM32\DNSAPI.dll
0x00007fff01d10000 - 0x00007fff01d37000 	D:\Android Studio\jre\bin\sunec.dll

dbghelp: loaded successfully - version: 4.0.5 - missing functions: none
symbol engine: initialized successfully - sym options: 0x614 - pdb path: .;D:\Android Studio\jre\bin;C:\WINDOWS\SYSTEM32;C:\WINDOWS\WinSxS\amd64_microsoft.windows.common-controls_6595b64144ccf1df_6.0.22621.1635_none_270f70857386168e;D:\Android Studio\jre\bin\server;C:\Users\nikhi\.gradle\native\8bec1ad78214c89d9ad589b4d07fe93259594b29d510b10fafb7a158f7737e5d\windows-amd64;C:\Users\nikhi\.gradle\native\53dbd7edfb1c66fb8903c78663c9afc45aea4f116125fa6feffd364cf09443e8\windows-amd64

VM Arguments:
jvm_args: --add-opens=java.base/java.util=ALL-UNNAMED --add-opens=java.base/java.lang=ALL-UNNAMED --add-opens=java.base/java.lang.invoke=ALL-UNNAMED --add-opens=java.base/java.util=ALL-UNNAMED --add-opens=java.prefs/java.util.prefs=ALL-UNNAMED --add-opens=java.prefs/java.util.prefs=ALL-UNNAMED --add-opens=java.base/java.nio.charset=ALL-UNNAMED --add-opens=java.base/java.net=ALL-UNNAMED --add-opens=java.base/java.util.concurrent.atomic=ALL-UNNAMED -Xmx2048m -Dfile.encoding=UTF-8 -Duser.country=IN -Duser.language=en -Duser.variant 
java_command: org.gradle.launcher.daemon.bootstrap.GradleDaemon 7.0.2
java_class_path (initial): C:\Users\nikhi\.gradle\wrapper\dists\gradle-7.0.2-bin\857tjihv64xamwrf0h14cai3r\gradle-7.0.2\lib\gradle-launcher-7.0.2.jar
Launcher Type: SUN_STANDARD

[Global flags]
     intx CICompilerCount                          = 4                                         {product} {ergonomic}
     uint ConcGCThreads                            = 2                                         {product} {ergonomic}
     uint G1ConcRefinementThreads                  = 8                                         {product} {ergonomic}
   size_t G1HeapRegionSize                         = 1048576                                   {product} {ergonomic}
    uintx GCDrainStackTargetSize                   = 64                                        {product} {ergonomic}
   size_t InitialHeapSize                          = 132120576                                 {product} {ergonomic}
   size_t MarkStackSize                            = 4194304                                   {product} {ergonomic}
   size_t MaxHeapSize                              = 2147483648                                {product} {command line}
   size_t MaxNewSize                               = 1287651328                                {product} {ergonomic}
   size_t MinHeapDeltaBytes                        = 1048576                                   {product} {ergonomic}
    uintx NonNMethodCodeHeapSize                   = 5836300                                {pd product} {ergonomic}
    uintx NonProfiledCodeHeapSize                  = 122910970                              {pd product} {ergonomic}
    uintx ProfiledCodeHeapSize                     = 122910970                              {pd product} {ergonomic}
    uintx ReservedCodeCacheSize                    = 251658240                              {pd product} {ergonomic}
     bool SegmentedCodeCache                       = true                                      {product} {ergonomic}
     bool UseCompressedClassPointers               = true                                 {lp64_product} {ergonomic}
     bool UseCompressedOops                        = true                                 {lp64_product} {ergonomic}
     bool UseG1GC                                  = true                                      {product} {ergonomic}
     bool UseLargePagesIndividualAllocation        = false                                  {pd product} {ergonomic}

Logging:
Log output configuration:
 #0: stdout all=warning uptime,level,tags
 #1: stderr all=off uptime,level,tags

Environment Variables:
JAVA_HOME=C:\Program Files\Java\jdk-17.0.1
PATH=C:\Program Files\Common Files\Oracle\Java\javapath;C:\Windows\system32;C:\Windows;C:\Windows\System32\Wbem;C:\Windows\System32\WindowsPowerShell\v1.0\;C:\Windows\System32\OpenSSH\;C:\Program Files (x86)\NVIDIA Corporation\PhysX\Common;C:\Program Files\NVIDIA Corporation\NVIDIA NvDLISR;C:\MinGW\bin;C:\Program Files\Java\jdk-17.0.1\bin;C:\WINDOWS\system32;C:\WINDOWS;C:\WINDOWS\System32\Wbem;C:\WINDOWS\System32\WindowsPowerShell\v1.0\;C:\WINDOWS\System32\OpenSSH\;C:\Users\nikhi\AppData\Local\Programs\Python\Python310\Scripts\;C:\Users\nikhi\AppData\Local\Programs\Python\Python310\;C:\Users\nikhi\AppData\Local\Microsoft\WindowsApps;C:\Microsoft VS Code\bin;D:\InteliJ\IntelliJ IDEA Community Edition 2021.2.3\bin;C:\adb;C:\Program Files (x86)\PowerShell\7\;C:\WINDOWS\system32;C:\WINDOWS;C:\WINDOWS\System32\Wbem;C:\WINDOWS\System32\WindowsPowerShell\v1.0\;C:\WINDOWS\System32\OpenSSH\;C:\Program Files\PowerShell\7\;C:\Users\nikhi\AppData\Local\Programs\Python\Python310\Scripts\;C:\Users\nikhi\AppData\Local\Programs\Python\Python310\;C:\Users\nikhi\AppData\Local\Microsoft\WindowsApps;C:\MinGW\bin;D:\InteliJ\IntelliJ IDEA Community Edition 2021.2.3\bin;;D:\VSCode\Microsoft VS Code\bin;C:\Users\nikhi\AppData\Local\GitHubDesktop\bin
USERNAME=nikhi
OS=Windows_NT
PROCESSOR_IDENTIFIER=Intel64 Family 6 Model 158 Stepping 13, GenuineIntel



---------------  S Y S T E M  ---------------

OS: Windows 10 , 64 bit Build 22621 (10.0.22621.1778)
OS uptime: 0 days 4:12 hours
Hyper-V role detected

CPU:total 8 (initial active 8) (4 cores per cpu, 2 threads per core) family 6 model 158 stepping 13 microcode 0xde, cmov, cx8, fxsr, mmx, sse, sse2, sse3, ssse3, sse4.1, sse4.2, popcnt, avx, avx2, aes, clmul, erms, 3dnowpref, lzcnt, ht, tsc, tscinvbit, bmi1, bmi2, adx, fma

Memory: 4k page, system-wide physical 8029M (218M free)
TotalPageFile size 32605M (AvailPageFile size 5M)
current process WorkingSet (physical memory assigned to process): 398M, peak: 434M
current process commit charge ("private bytes"): 495M, peak: 514M

vm_info: OpenJDK 64-Bit Server VM (11.0.10+0-b96-7249189) for windows-amd64 JRE (11.0.10+0-b96-7249189), built on Mar 31 2021 21:44:00 by "builder" with MS VC++ 14.0 (VS2015)

END.
